<?xml version="1.0" encoding="UTF-8"?>
<!-- Generated by org.testng.reporters.JUnitXMLReporter -->
<testsuite hostname="Sumit-PC" ignored="0" name="Regression1"
	tests="2" failures="1" timestamp="27 Mar 2020 06:30:31 GMT" time="24.699"
	errors="0">
	<testcase name="@AfterMethod closeBrowser" time="0.001"
		classname="com.edureka.tentng.M6BaseTest">
		<failure type="java.lang.NullPointerException">
      <![CDATA[java.lang.NullPointerException
	at com.edureka.tentng.M6BaseTest.closeBrowser(M6BaseTest.java:35)
... Removed 27 stack frames]]>
		</failure>
	</testcase> <!-- @AfterMethod closeBrowser -->
	<testcase name="@BeforeMethod launchBrowser" time="0.0"
		classname="com.edureka.tentng.M6BaseTest">
		<skipped />
	</testcase> <!-- @BeforeMethod launchBrowser -->
	<testcase name="EdurekaLog1" time="0.003"
		classname="com.edureka.tentng.M6SignIn">
		<failure type="java.lang.NullPointerException">
      <![CDATA[java.lang.NullPointerException
	at com.edureka.tentng.M6SignIn.EdurekaLog1(M6SignIn.java:23)
... Removed 25 stack frames]]>
		</failure>
	</testcase> <!-- EdurekaLog1 -->
	<testcase name="EdurekaLog1" time="0.0"
		classname="com.edureka.tentng.M6SignIn">
		<skipped />
	</testcase> <!-- EdurekaLog1 -->
</testsuite> <!-- Regression1 -->
